Start testing: Aug 29 14:43 BST
----------------------------------------------------------
1/5 Testing: antennae
1/5 Test: antennae
Command: "/bin/bash" "/home/miguel/Documents/gpuvmem/tests/antennae/test.sh" "/home/miguel/Documents/gpuvmem/bin/gpuvmem" "/home/miguel/Documents/gpuvmem/tests/antennae"
Directory: /home/miguel/Documents/gpuvmem/build
"antennae" start time: Aug 29 14:43 BST
Output:
----------------------------------------------------------
OK
rm: cannot remove '/home/miguel/Documents/gpuvmem/tests/antennae/alpha.fits': No such file or directory
<end of output>
Test time = 386.88 sec
----------------------------------------------------------
Test Passed.
"antennae" end time: Aug 29 14:50 BST
"antennae" time elapsed: 00:06:26
----------------------------------------------------------

2/5 Testing: co65
2/5 Test: co65
Command: "/bin/bash" "/home/miguel/Documents/gpuvmem/tests/co65/test.sh" "/home/miguel/Documents/gpuvmem/bin/gpuvmem" "/home/miguel/Documents/gpuvmem/tests/co65"
Directory: /home/miguel/Documents/gpuvmem/build
"co65" start time: Aug 29 14:50 BST
Output:
----------------------------------------------------------
OK
rm: cannot remove '/home/miguel/Documents/gpuvmem/tests/co65/alpha.fits': No such file or directory
<end of output>
Test time =   2.61 sec
----------------------------------------------------------
Test Passed.
"co65" end time: Aug 29 14:50 BST
"co65" time elapsed: 00:00:02
----------------------------------------------------------

3/5 Testing: freq78
3/5 Test: freq78
Command: "/bin/bash" "/home/miguel/Documents/gpuvmem/tests/FREQ78/test.sh" "/home/miguel/Documents/gpuvmem/bin/gpuvmem" "/home/miguel/Documents/gpuvmem/tests/FREQ78"
Directory: /home/miguel/Documents/gpuvmem/build
"freq78" start time: Aug 29 14:50 BST
Output:
----------------------------------------------------------
OK
rm: cannot remove '/home/miguel/Documents/gpuvmem/tests/FREQ78/alpha.fits': No such file or directory
<end of output>
Test time =  30.14 sec
----------------------------------------------------------
Test Passed.
"freq78" end time: Aug 29 14:50 BST
"freq78" time elapsed: 00:00:30
----------------------------------------------------------

4/5 Testing: m87
4/5 Test: m87
Command: "/bin/bash" "/home/miguel/Documents/gpuvmem/tests/M87/test.sh" "/home/miguel/Documents/gpuvmem/bin/gpuvmem" "/home/miguel/Documents/gpuvmem/tests/M87"
Directory: /home/miguel/Documents/gpuvmem/build
"m87" start time: Aug 29 14:50 BST
Output:
----------------------------------------------------------
OK
<end of output>
Test time =   1.80 sec
----------------------------------------------------------
Test Passed.
"m87" end time: Aug 29 14:50 BST
"m87" time elapsed: 00:00:01
----------------------------------------------------------

5/5 Testing: selfcalband9
5/5 Test: selfcalband9
Command: "/bin/bash" "/home/miguel/Documents/gpuvmem/tests/selfcalband9/test.sh" "/home/miguel/Documents/gpuvmem/bin/gpuvmem" "/home/miguel/Documents/gpuvmem/tests/selfcalband9"
Directory: /home/miguel/Documents/gpuvmem/build
"selfcalband9" start time: Aug 29 14:50 BST
Output:
----------------------------------------------------------
OK
rm: cannot remove '/home/miguel/Documents/gpuvmem/tests/selfcalband9/alpha.fits': No such file or directory
<end of output>
Test time =  44.89 sec
----------------------------------------------------------
Test Passed.
"selfcalband9" end time: Aug 29 14:51 BST
"selfcalband9" time elapsed: 00:00:44
----------------------------------------------------------

End testing: Aug 29 14:51 BST
